20:45:11 DEBUG : Logs will be stored at '/home/ubuntu/SOC_Design/course-lab_3/IDE.log'.
20:45:13 INFO  : Launching XSCT server: xsct -n  -interactive /home/ubuntu/SOC_Design/course-lab_3/temp_xsdb_launch_script.tcl
20:45:14 INFO  : Registering command handlers for Vitis TCF services
20:45:15 INFO  : Platform repository initialization has completed.
20:45:17 INFO  : XSCT server has started successfully.
20:45:17 INFO  : Successfully done setting XSCT server connection channel  
20:45:17 INFO  : plnx-install-location is set to ''
20:45:18 INFO  : Successfully done setting workspace for the tool. 
20:45:18 INFO  : Successfully done query RDI_DATADIR 
21:21:57 DEBUG : Logs will be stored at '/home/ubuntu/SOC_Design/course-lab_3/IDE.log'.
21:21:58 INFO  : Launching XSCT server: xsct -n  -interactive /home/ubuntu/SOC_Design/course-lab_3/temp_xsdb_launch_script.tcl
21:22:02 INFO  : Platform repository initialization has completed.
21:22:04 INFO  : XSCT server has started successfully.
21:22:04 INFO  : plnx-install-location is set to ''
21:22:04 INFO  : Successfully done setting XSCT server connection channel  
21:22:04 INFO  : Successfully done setting workspace for the tool. 
21:22:05 INFO  : Registering command handlers for Vitis TCF services
21:22:22 DEBUG : Logs will be stored at '/home/ubuntu/SOC_Design/course-lab_3/IDE.log'.
21:22:23 INFO  : Launching XSCT server: xsct -n  -interactive /home/ubuntu/SOC_Design/course-lab_3/temp_xsdb_launch_script.tcl
21:22:24 INFO  : Platform repository initialization has completed.
21:22:25 INFO  : XSCT server has started successfully.
21:22:25 INFO  : plnx-install-location is set to ''
21:22:25 INFO  : Successfully done setting XSCT server connection channel  
21:22:25 INFO  : Successfully done query RDI_DATADIR 
21:22:25 INFO  : Successfully done setting workspace for the tool. 
21:22:26 INFO  : Registering command handlers for Vitis TCF services
21:28:06 INFO  : Added binary container 'binary_container_1' in project 'vts_Opt1Baseline_system_hw_link'
21:28:06 INFO  : Added kernel '[KA - vts_Opt1Baseline_kernels/src/vts_Opt1Baseline/K_KA.cpp]' in binary container 'binary_container_1' of project 'vts_Opt1Baseline_system_hw_link'
21:28:06 INFO  : Added kernel '[KB - vts_Opt1Baseline_kernels/src/vts_Opt1Baseline/K_KB.cpp]' in binary container 'binary_container_1' of project 'vts_Opt1Baseline_system_hw_link'
21:28:06 INFO  : Added kernel '[KCalc - vts_Opt1Baseline_kernels/src/vts_Opt1Baseline/K_KCalc.cpp]' in binary container 'binary_container_1' of project 'vts_Opt1Baseline_system_hw_link'
21:28:06 INFO  : Added kernel '[KVConstAdd - vts_Opt1Baseline_kernels/src/vts_Opt1Baseline/K_KVConstAdd.cpp]' in binary container 'binary_container_1' of project 'vts_Opt1Baseline_system_hw_link'
21:28:06 INFO  : Added kernel '[KpB - vts_Opt1Baseline_kernels/src/vts_Opt1Baseline/K_KpB.cpp]' in binary container 'binary_container_1' of project 'vts_Opt1Baseline_system_hw_link'
22:02:07 DEBUG : Logs will be stored at '/home/ubuntu/SOC_Design/course-lab_3/IDE.log'.
22:02:07 INFO  : Launching XSCT server: xsct -n  -interactive /home/ubuntu/SOC_Design/course-lab_3/temp_xsdb_launch_script.tcl
22:02:10 INFO  : XSCT server has started successfully.
22:02:10 INFO  : plnx-install-location is set to ''
22:02:10 INFO  : Successfully done setting XSCT server connection channel  
22:02:10 INFO  : Successfully done setting workspace for the tool. 
22:02:10 INFO  : Successfully done query RDI_DATADIR 
22:02:11 INFO  : Platform repository initialization has completed.
22:02:11 INFO  : Registering command handlers for Vitis TCF services
22:23:34 DEBUG : Logs will be stored at '/home/ubuntu/SOC_Design/course-lab_3/IDE.log'.
22:23:34 INFO  : Launching XSCT server: xsct -n  -interactive /home/ubuntu/SOC_Design/course-lab_3/temp_xsdb_launch_script.tcl
22:23:36 INFO  : Platform repository initialization has completed.
22:23:36 INFO  : Registering command handlers for Vitis TCF services
22:23:38 INFO  : XSCT server has started successfully.
22:23:38 INFO  : plnx-install-location is set to ''
22:23:38 INFO  : Successfully done setting XSCT server connection channel  
22:23:38 INFO  : Successfully done query RDI_DATADIR 
22:23:38 INFO  : Successfully done setting workspace for the tool. 
