Tue Oct 10 21:31:07 2023: Running xcd server. This server was built by gradle.
Tue Oct 10 21:31:07 2023: Server was asked to start on port: '35995'
Tue Oct 10 21:31:07 2023: Server is using token UUID: '7342d808-8d22-4116-9e9f-a5fa8dd6710f'
Tue Oct 10 21:31:07 2023: SESSION_MGR: creating session with session uuid: '6d04a3e9-ade5-4ab9-8d63-1f78fcd2ec76' and name 'default'
Tue Oct 10 21:31:07 2023: Running xcd server. This server was built by gradle.
Tue Oct 10 21:31:07 2023: Server was asked to start on port: '40573'
Tue Oct 10 21:31:07 2023: Server is using token UUID: '0a8b3f40-3a01-41fe-92cf-00e2c17f3c3d'
Tue Oct 10 21:31:07 2023: SESSION_MGR: creating session with session uuid: '6d04a3e9-ade5-4ab9-8d63-1f78fcd2ec76' and name 'default'
Tue Oct 10 21:31:07 2023: Attempting to start server on port '35995'
Tue Oct 10 21:31:07 2023: XCD main fifo: created main fifo '/tmp/xcdmain7342d808-8d22-4116-9e9f-a5fa8dd6710f', fd read = 14
Tue Oct 10 21:31:07 2023: Running Dispatch Server
Tue Oct 10 21:31:07 2023: Version 2.2.0
Tue Oct 10 21:31:07 2023: Running xcd server. This server was built by gradle.
Tue Oct 10 21:31:07 2023: Server was asked to start on port: '42305'
Tue Oct 10 21:31:07 2023: Server is using token UUID: 'ac7e6147-cbe7-4aeb-9b7d-a4dd71ed990c'
Tue Oct 10 21:31:07 2023: SESSION_MGR: creating session with session uuid: '6d04a3e9-ade5-4ab9-8d63-1f78fcd2ec76' and name 'default'
Tue Oct 10 21:31:07 2023: Attempting to start server on port '40573'
Tue Oct 10 21:31:07 2023: XCD main fifo: created main fifo '/tmp/xcdmain0a8b3f40-3a01-41fe-92cf-00e2c17f3c3d', fd read = 14
Tue Oct 10 21:31:07 2023: Running Dispatch Server
Tue Oct 10 21:31:07 2023: Version 2.2.0
Tue Oct 10 21:31:07 2023: Attempting to start server on port '42305'
Tue Oct 10 21:31:07 2023: XCD main fifo: created main fifo '/tmp/xcdmainac7e6147-cbe7-4aeb-9b7d-a4dd71ed990c', fd read = 14
Tue Oct 10 21:31:07 2023: Running Dispatch Server
Tue Oct 10 21:31:07 2023: Version 2.2.0
Tue Oct 10 21:31:07 2023: Running xcd server. This server was built by gradle.
Tue Oct 10 21:31:07 2023: Server was asked to start on port: '33469'
Tue Oct 10 21:31:07 2023: Server is using token UUID: 'c72be674-69a7-430f-b550-4d21f346a7ba'
Tue Oct 10 21:31:07 2023: SESSION_MGR: creating session with session uuid: '6d04a3e9-ade5-4ab9-8d63-1f78fcd2ec76' and name 'default'
Tue Oct 10 21:31:07 2023: Attempting to start server on port '33469'
Tue Oct 10 21:31:07 2023: XCD main fifo: created main fifo '/tmp/xcdmainc72be674-69a7-430f-b550-4d21f346a7ba', fd read = 14
Tue Oct 10 21:31:07 2023: Running Dispatch Server
Tue Oct 10 21:31:07 2023: Version 2.2.0
Tue Oct 10 21:31:08 2023: Running xcd server. This server was built by gradle.
Tue Oct 10 21:31:08 2023: Server was asked to start on port: '38725'
Tue Oct 10 21:31:08 2023: Server is using token UUID: 'eea8620f-c0ee-4780-b299-8b88f520a239'
Tue Oct 10 21:31:08 2023: SESSION_MGR: creating session with session uuid: '6d04a3e9-ade5-4ab9-8d63-1f78fcd2ec76' and name 'default'
Tue Oct 10 21:31:08 2023: Attempting to start server on port '38725'
Tue Oct 10 21:31:08 2023: XCD main fifo: created main fifo '/tmp/xcdmaineea8620f-c0ee-4780-b299-8b88f520a239', fd read = 14
Tue Oct 10 21:31:08 2023: Running Dispatch Server
Tue Oct 10 21:31:08 2023: Version 2.2.0
Tue Oct 10 21:31:16 2023: Dispatch Server: Accepted socket connection from client
Tue Oct 10 21:31:16 2023: Starting Socket connection
Tue Oct 10 21:31:16 2023: EXCHANGE_TOKEN received, server token: 7342d808-8d22-4116-9e9f-a5fa8dd6710f, passed token: 7342d808-8d22-4116-9e9f-a5fa8dd6710f
Tue Oct 10 21:31:16 2023: Dispatch Server: Accepted socket connection from client
Tue Oct 10 21:31:16 2023: Starting Socket connection
Tue Oct 10 21:31:16 2023: Dispatch Server: Accepted socket connection from client
Tue Oct 10 21:31:16 2023: Starting Socket connection
Tue Oct 10 21:31:16 2023: EXCHANGE_TOKEN received, server token: 0a8b3f40-3a01-41fe-92cf-00e2c17f3c3d, passed token: 0a8b3f40-3a01-41fe-92cf-00e2c17f3c3d
Tue Oct 10 21:31:16 2023: EXCHANGE_TOKEN received, server token: eea8620f-c0ee-4780-b299-8b88f520a239, passed token: eea8620f-c0ee-4780-b299-8b88f520a239
Tue Oct 10 21:31:16 2023: Dispatch Server: Accepted socket connection from client
Tue Oct 10 21:31:16 2023: Starting Socket connection
Tue Oct 10 21:31:16 2023: EXCHANGE_TOKEN received, server token: ac7e6147-cbe7-4aeb-9b7d-a4dd71ed990c, passed token: ac7e6147-cbe7-4aeb-9b7d-a4dd71ed990c
Tue Oct 10 21:31:16 2023: Dispatch Server: Accepted socket connection from client
Tue Oct 10 21:31:16 2023: Starting Socket connection
Tue Oct 10 21:31:16 2023: EXCHANGE_TOKEN received, server token: c72be674-69a7-430f-b550-4d21f346a7ba, passed token: c72be674-69a7-430f-b550-4d21f346a7ba
Tue Oct 10 21:31:16 2023: DISPATCH_HANDLER: Adding handler from function makeHandler in library libxv_system_diagram
Tue Oct 10 21:31:16 2023: SESSION_MGR: creating session with session uuid: 'f0c0678c-67fe-4f08-9ee7-75740261b797' and name 'KCalc'
Tue Oct 10 21:31:16 2023: KERNEL_SVC: creating session with uuid: 'f0c0678c-67fe-4f08-9ee7-75740261b797' and name 'KCalc'
Tue Oct 10 21:31:16 2023: GUIDANCE_SMGR: creating guidance session with uuid: 'f0c0678c-67fe-4f08-9ee7-75740261b797' and name 'KCalc'
Tue Oct 10 21:31:16 2023: SYSTEM_DIAGRAM: creating session with uuid: 'f0c0678c-67fe-4f08-9ee7-75740261b797' and name 'KCalc'
Tue Oct 10 21:31:16 2023: DISPATCH_HANDLER: Adding handler from function makeHandler in library libxv_system_diagram
Tue Oct 10 21:31:16 2023: DISPATCH_HANDLER: Adding handler from function makeHandler in library libxv_system_diagram
Tue Oct 10 21:31:16 2023: SESSION_MGR: creating session with session uuid: 'bc46e826-558e-4c2a-a1be-4300a3b6fa08' and name 'KVConstAdd'
Tue Oct 10 21:31:16 2023: KERNEL_SVC: creating session with uuid: 'bc46e826-558e-4c2a-a1be-4300a3b6fa08' and name 'KVConstAdd'
Tue Oct 10 21:31:16 2023: GUIDANCE_SMGR: creating guidance session with uuid: 'bc46e826-558e-4c2a-a1be-4300a3b6fa08' and name 'KVConstAdd'
Tue Oct 10 21:31:16 2023: SYSTEM_DIAGRAM: creating session with uuid: 'bc46e826-558e-4c2a-a1be-4300a3b6fa08' and name 'KVConstAdd'
Tue Oct 10 21:31:16 2023: SESSION_MGR: creating session with session uuid: 'bbf14dca-4b0f-41a7-8841-1dead275a0a9' and name 'KA'
Tue Oct 10 21:31:16 2023: KERNEL_SVC: creating session with uuid: 'bbf14dca-4b0f-41a7-8841-1dead275a0a9' and name 'KA'
Tue Oct 10 21:31:16 2023: GUIDANCE_SMGR: creating guidance session with uuid: 'bbf14dca-4b0f-41a7-8841-1dead275a0a9' and name 'KA'
Tue Oct 10 21:31:16 2023: SYSTEM_DIAGRAM: creating session with uuid: 'bbf14dca-4b0f-41a7-8841-1dead275a0a9' and name 'KA'
Tue Oct 10 21:31:16 2023: DISPATCH_HANDLER: Adding handler from function makeHandler in library libxv_system_diagram
Tue Oct 10 21:31:16 2023: SESSION_MGR: creating session with session uuid: '199a8282-566f-4fc9-8db0-c6653eba3c5d' and name 'KpB'
Tue Oct 10 21:31:16 2023: KERNEL_SVC: creating session with uuid: '199a8282-566f-4fc9-8db0-c6653eba3c5d' and name 'KpB'
Tue Oct 10 21:31:16 2023: GUIDANCE_SMGR: creating guidance session with uuid: '199a8282-566f-4fc9-8db0-c6653eba3c5d' and name 'KpB'
Tue Oct 10 21:31:16 2023: SYSTEM_DIAGRAM: creating session with uuid: '199a8282-566f-4fc9-8db0-c6653eba3c5d' and name 'KpB'
Tue Oct 10 21:31:18 2023: DISPATCH_HANDLER: Adding handler from function makeHandler in library libxv_system_diagram
Tue Oct 10 21:31:18 2023: SESSION_MGR: creating session with session uuid: 'faf622a8-3b04-4d99-8944-2bf17d0336f7' and name 'KB'
Tue Oct 10 21:31:18 2023: KERNEL_SVC: creating session with uuid: 'faf622a8-3b04-4d99-8944-2bf17d0336f7' and name 'KB'
Tue Oct 10 21:31:18 2023: GUIDANCE_SMGR: creating guidance session with uuid: 'faf622a8-3b04-4d99-8944-2bf17d0336f7' and name 'KB'
Tue Oct 10 21:31:18 2023: SYSTEM_DIAGRAM: creating session with uuid: 'faf622a8-3b04-4d99-8944-2bf17d0336f7' and name 'KB'
Tue Oct 10 21:31:33 2023: SESSION_MGR: closing session for UUID '199a8282-566f-4fc9-8db0-c6653eba3c5d' with name 'KpB'
Tue Oct 10 21:31:33 2023: KERNEL_SVC: closing session for UUID '199a8282-566f-4fc9-8db0-c6653eba3c5d' with name 'KpB'
Tue Oct 10 21:31:33 2023: GUIDANCE_SMGR: closing session for UUID '199a8282-566f-4fc9-8db0-c6653eba3c5d' with name 'KpB'
Tue Oct 10 21:31:33 2023: SYSTEM_DIAGRAM: closing session for UUID '199a8282-566f-4fc9-8db0-c6653eba3c5d' with name 'KpB'
Tue Oct 10 21:31:33 2023: STOP_SERVER received, server token: ac7e6147-cbe7-4aeb-9b7d-a4dd71ed990c, passed token: ac7e6147-cbe7-4aeb-9b7d-a4dd71ed990c
Tue Oct 10 21:31:33 2023: Socket received request to stop server.
Tue Oct 10 21:31:33 2023: Dispatch Server: do_await_stop
Tue Oct 10 21:31:33 2023: Dispatch Server: stopping mainFifo_
Tue Oct 10 21:31:33 2023: XCD main fifo: Stopping
Tue Oct 10 21:31:33 2023: XCD main fifo: do_read error code: Operation canceled
Tue Oct 10 21:31:33 2023: XCD main fifo: bytes_transferred: 0
Tue Oct 10 21:31:33 2023: SERVER: destructor for server bound to port 42305
Tue Oct 10 21:31:33 2023: XCD main fifo: Good unlink of /tmp/xcdmainac7e6147-cbe7-4aeb-9b7d-a4dd71ed990c
Tue Oct 10 21:31:33 2023: Server exiting with status 0.
Tue Oct 10 21:31:33 2023: SESSION_MGR: closing session for UUID 'bc46e826-558e-4c2a-a1be-4300a3b6fa08' with name 'KVConstAdd'
Tue Oct 10 21:31:33 2023: KERNEL_SVC: closing session for UUID 'bc46e826-558e-4c2a-a1be-4300a3b6fa08' with name 'KVConstAdd'
Tue Oct 10 21:31:33 2023: GUIDANCE_SMGR: closing session for UUID 'bc46e826-558e-4c2a-a1be-4300a3b6fa08' with name 'KVConstAdd'
Tue Oct 10 21:31:33 2023: SYSTEM_DIAGRAM: closing session for UUID 'bc46e826-558e-4c2a-a1be-4300a3b6fa08' with name 'KVConstAdd'
Tue Oct 10 21:31:33 2023: SESSION_MGR: closing session for UUID 'f0c0678c-67fe-4f08-9ee7-75740261b797' with name 'KCalc'
Tue Oct 10 21:31:33 2023: KERNEL_SVC: closing session for UUID 'f0c0678c-67fe-4f08-9ee7-75740261b797' with name 'KCalc'
Tue Oct 10 21:31:33 2023: GUIDANCE_SMGR: closing session for UUID 'f0c0678c-67fe-4f08-9ee7-75740261b797' with name 'KCalc'
Tue Oct 10 21:31:33 2023: SESSION_MGR: closing session for UUID 'bbf14dca-4b0f-41a7-8841-1dead275a0a9' with name 'KA'
Tue Oct 10 21:31:33 2023: KERNEL_SVC: closing session for UUID 'bbf14dca-4b0f-41a7-8841-1dead275a0a9' with name 'KA'
Tue Oct 10 21:31:33 2023: GUIDANCE_SMGR: closing session for UUID 'bbf14dca-4b0f-41a7-8841-1dead275a0a9' with name 'KA'
Tue Oct 10 21:31:33 2023: SYSTEM_DIAGRAM: closing session for UUID 'bbf14dca-4b0f-41a7-8841-1dead275a0a9' with name 'KA'
Tue Oct 10 21:31:33 2023: SYSTEM_DIAGRAM: closing session for UUID 'f0c0678c-67fe-4f08-9ee7-75740261b797' with name 'KCalc'
Tue Oct 10 21:31:33 2023: SESSION_MGR: closing session for UUID 'faf622a8-3b04-4d99-8944-2bf17d0336f7' with name 'KB'
Tue Oct 10 21:31:33 2023: KERNEL_SVC: closing session for UUID 'faf622a8-3b04-4d99-8944-2bf17d0336f7' with name 'KB'
Tue Oct 10 21:31:33 2023: GUIDANCE_SMGR: closing session for UUID 'faf622a8-3b04-4d99-8944-2bf17d0336f7' with name 'KB'
Tue Oct 10 21:31:33 2023: SYSTEM_DIAGRAM: closing session for UUID 'faf622a8-3b04-4d99-8944-2bf17d0336f7' with name 'KB'
Tue Oct 10 21:31:33 2023: STOP_SERVER received, server token: eea8620f-c0ee-4780-b299-8b88f520a239, passed token: eea8620f-c0ee-4780-b299-8b88f520a239
Tue Oct 10 21:31:33 2023: Socket received request to stop server.
Tue Oct 10 21:31:33 2023: Dispatch Server: do_await_stop
Tue Oct 10 21:31:33 2023: Dispatch Server: stopping mainFifo_
Tue Oct 10 21:31:33 2023: XCD main fifo: Stopping
Tue Oct 10 21:31:33 2023: XCD main fifo: do_read error code: Operation canceled
Tue Oct 10 21:31:33 2023: XCD main fifo: bytes_transferred: 0
Tue Oct 10 21:31:33 2023: SERVER: destructor for server bound to port 38725
Tue Oct 10 21:31:33 2023: XCD main fifo: Good unlink of /tmp/xcdmaineea8620f-c0ee-4780-b299-8b88f520a239
Tue Oct 10 21:31:33 2023: Server exiting with status 0.
Tue Oct 10 21:31:33 2023: STOP_SERVER received, server token: 7342d808-8d22-4116-9e9f-a5fa8dd6710f, passed token: 7342d808-8d22-4116-9e9f-a5fa8dd6710f
Tue Oct 10 21:31:33 2023: Socket received request to stop server.
Tue Oct 10 21:31:33 2023: Dispatch Server: do_await_stop
Tue Oct 10 21:31:33 2023: Closing log file.
Tue Oct 10 21:31:33 2023: Dispatch Server: stopping mainFifo_
Tue Oct 10 21:31:33 2023: XCD main fifo: Stopping
Tue Oct 10 21:31:33 2023: STOP_SERVER received, server token: 0a8b3f40-3a01-41fe-92cf-00e2c17f3c3d, passed token: 0a8b3f40-3a01-41fe-92cf-00e2c17f3c3d
Tue Oct 10 21:31:33 2023: XCD main fifo: do_read error code: Operation canceled
Tue Oct 10 21:31:33 2023: XCD main fifo: bytes_transferred: 0
Tue Oct 10 21:31:33 2023: Socket received request to stop server.
Tue Oct 10 21:31:33 2023: Dispatch Server: do_await_stop
Tue Oct 10 21:31:33 2023: Dispatch Server: stopping mainFifo_
Tue Oct 10 21:31:33 2023: XCD main fifo: Stopping
Tue Oct 10 21:31:33 2023: XCD main fifo: do_read error code: Operation canceled
Tue Oct 10 21:31:33 2023: XCD main fifo: bytes_transferred: 0
Tue Oct 10 21:31:33 2023: SERVER: destructor for server bound to port 35995
Tue Oct 10 21:31:33 2023: XCD main fifo: Good unlink of /tmp/xcdmain7342d808-8d22-4116-9e9f-a5fa8dd6710f
Tue Oct 10 21:31:33 2023: Server exiting with status 0.
Tue Oct 10 21:31:33 2023: SERVER: destructor for server bound to port 40573
Tue Oct 10 21:31:33 2023: Closing log file.
Tue Oct 10 21:31:33 2023: XCD main fifo: Good unlink of /tmp/xcdmain0a8b3f40-3a01-41fe-92cf-00e2c17f3c3d
Tue Oct 10 21:31:33 2023: Server exiting with status 0.
Tue Oct 10 21:31:33 2023: Closing log file.
Tue Oct 10 21:31:33 2023: Closing log file.
Tue Oct 10 21:31:33 2023: STOP_SERVER received, server token: c72be674-69a7-430f-b550-4d21f346a7ba, passed token: c72be674-69a7-430f-b550-4d21f346a7ba
Tue Oct 10 21:31:33 2023: Socket received request to stop server.
Tue Oct 10 21:31:33 2023: Dispatch Server: do_await_stop
Tue Oct 10 21:31:33 2023: Dispatch Server: stopping mainFifo_
Tue Oct 10 21:31:33 2023: XCD main fifo: Stopping
Tue Oct 10 21:31:33 2023: XCD main fifo: do_read error code: Operation canceled
Tue Oct 10 21:31:33 2023: XCD main fifo: bytes_transferred: 0
Tue Oct 10 21:31:33 2023: SERVER: destructor for server bound to port 33469
Tue Oct 10 21:31:33 2023: XCD main fifo: Good unlink of /tmp/xcdmainc72be674-69a7-430f-b550-4d21f346a7ba
Tue Oct 10 21:31:33 2023: Server exiting with status 0.
Tue Oct 10 21:31:33 2023: Closing log file.
