#-----------------------------------------------------------
# Vivado v2022.1 (64-bit)
# SW Build 3526262 on Mon Apr 18 15:47:01 MDT 2022
# IP Build 3524634 on Mon Apr 18 20:55:01 MDT 2022
# Start of session at: Wed Dec 13 05:14:32 2023
# Process ID: 1755
# Current directory: /home/ubuntu/SOC_Design/course-lab_6
# Command line: vivado
# Log file: /home/ubuntu/SOC_Design/course-lab_6/vivado.log
# Journal file: /home/ubuntu/SOC_Design/course-lab_6/vivado.jou
# Running On: ubuntu2004, OS: Linux, CPU Frequency: 2495.998 MHz, CPU Physical cores: 4, Host memory: 19870 MB
#-----------------------------------------------------------
start_gui
WARNING: [Board 49-26] cannot add Board Part xilinx.com:vpk120_es:part0:1.2 available at /tools/Xilinx/Vivado/2022.1/data/xhub/boards/XilinxBoardStore/boards/Xilinx/vpk120/es/1.2/board.xml as part xcvp1202-vsva2785-2mp-e-s-es1 specified in board_part file is either invalid or not available
WARNING: [Board 49-26] cannot add Board Part xilinx.com:vpk120_es_revb:part0:1.0 available at /tools/Xilinx/Vivado/2022.1/data/xhub/boards/XilinxBoardStore/boards/Xilinx/vpk120_revb/es/1.0/board.xml as part xcvp1202-vsva2785-2mp-e-s-es1 specified in board_part file is either invalid or not available
WARNING: [Board 49-26] cannot add Board Part xilinx.com:zcu208ld:part0:2.0 available at /tools/Xilinx/Vivado/2022.1/data/xhub/boards/XilinxBoardStore/boards/Xilinx/zcu208ld/production/2.0/board.xml as part xczu58dr-fsvg1517-2-i specified in board_part file is either invalid or not available
WARNING: [Board 49-26] cannot add Board Part xilinx.com:zcu216ld:part0:2.0 available at /tools/Xilinx/Vivado/2022.1/data/xhub/boards/XilinxBoardStore/boards/Xilinx/zcu216ld/production/2.0/board.xml as part xczu59dr-ffvf1760-2-i specified in board_part file is either invalid or not available
WARNING: [Board 49-26] cannot add Board Part xilinx.com:zcu670:part0:2.0 available at /tools/Xilinx/Vivado/2022.1/data/xhub/boards/XilinxBoardStore/boards/Xilinx/zcu670/2.0/board.xml as part xczu67dr-fsve1156-2-i specified in board_part file is either invalid or not available
WARNING: [Board 49-26] cannot add Board Part xilinx.com:zcu670ld:part0:1.0 available at /tools/Xilinx/Vivado/2022.1/data/xhub/boards/XilinxBoardStore/boards/Xilinx/zcu670ld/1.0/board.xml as part xczu57dr-fsve1156-2-i specified in board_part file is either invalid or not available
WARNING: [Board 49-26] cannot add Board Part xilinx.com:vpk120_es:part0:1.2 available at /tools/Xilinx/Vivado/2022.1/data/xhub/boards/XilinxBoardStore/boards/Xilinx/vpk120/es/1.2/board.xml as part xcvp1202-vsva2785-2mp-e-s-es1 specified in board_part file is either invalid or not available
WARNING: [Board 49-26] cannot add Board Part xilinx.com:vpk120_es_revb:part0:1.0 available at /tools/Xilinx/Vivado/2022.1/data/xhub/boards/XilinxBoardStore/boards/Xilinx/vpk120_revb/es/1.0/board.xml as part xcvp1202-vsva2785-2mp-e-s-es1 specified in board_part file is either invalid or not available
WARNING: [Board 49-26] cannot add Board Part xilinx.com:zcu208ld:part0:2.0 available at /tools/Xilinx/Vivado/2022.1/data/xhub/boards/XilinxBoardStore/boards/Xilinx/zcu208ld/production/2.0/board.xml as part xczu58dr-fsvg1517-2-i specified in board_part file is either invalid or not available
WARNING: [Board 49-26] cannot add Board Part xilinx.com:zcu216ld:part0:2.0 available at /tools/Xilinx/Vivado/2022.1/data/xhub/boards/XilinxBoardStore/boards/Xilinx/zcu216ld/production/2.0/board.xml as part xczu59dr-ffvf1760-2-i specified in board_part file is either invalid or not available
WARNING: [Board 49-26] cannot add Board Part xilinx.com:zcu670:part0:2.0 available at /tools/Xilinx/Vivado/2022.1/data/xhub/boards/XilinxBoardStore/boards/Xilinx/zcu670/2.0/board.xml as part xczu67dr-fsve1156-2-i specified in board_part file is either invalid or not available
WARNING: [Board 49-26] cannot add Board Part xilinx.com:zcu670ld:part0:1.0 available at /tools/Xilinx/Vivado/2022.1/data/xhub/boards/XilinxBoardStore/boards/Xilinx/zcu670ld/1.0/board.xml as part xczu57dr-fsve1156-2-i specified in board_part file is either invalid or not available
WARNING: [Board 49-26] cannot add Board Part xilinx.com:vpk120_es:part0:1.2 available at /tools/Xilinx/Vivado/2022.1/data/xhub/boards/XilinxBoardStore/boards/Xilinx/vpk120/es/1.2/board.xml as part xcvp1202-vsva2785-2mp-e-s-es1 specified in board_part file is either invalid or not available
WARNING: [Board 49-26] cannot add Board Part xilinx.com:vpk120_es_revb:part0:1.0 available at /tools/Xilinx/Vivado/2022.1/data/xhub/boards/XilinxBoardStore/boards/Xilinx/vpk120_revb/es/1.0/board.xml as part xcvp1202-vsva2785-2mp-e-s-es1 specified in board_part file is either invalid or not available
WARNING: [Board 49-26] cannot add Board Part xilinx.com:zcu208ld:part0:2.0 available at /tools/Xilinx/Vivado/2022.1/data/xhub/boards/XilinxBoardStore/boards/Xilinx/zcu208ld/production/2.0/board.xml as part xczu58dr-fsvg1517-2-i specified in board_part file is either invalid or not available
WARNING: [Board 49-26] cannot add Board Part xilinx.com:zcu216ld:part0:2.0 available at /tools/Xilinx/Vivado/2022.1/data/xhub/boards/XilinxBoardStore/boards/Xilinx/zcu216ld/production/2.0/board.xml as part xczu59dr-ffvf1760-2-i specified in board_part file is either invalid or not available
WARNING: [Board 49-26] cannot add Board Part xilinx.com:zcu670:part0:2.0 available at /tools/Xilinx/Vivado/2022.1/data/xhub/boards/XilinxBoardStore/boards/Xilinx/zcu670/2.0/board.xml as part xczu67dr-fsve1156-2-i specified in board_part file is either invalid or not available
WARNING: [Board 49-26] cannot add Board Part xilinx.com:zcu670ld:part0:1.0 available at /tools/Xilinx/Vivado/2022.1/data/xhub/boards/XilinxBoardStore/boards/Xilinx/zcu670ld/1.0/board.xml as part xczu57dr-fsve1156-2-i specified in board_part file is either invalid or not available
WARNING: [Board 49-26] cannot add Board Part xilinx.com:vpk120_es:part0:1.2 available at /tools/Xilinx/Vivado/2022.1/data/xhub/boards/XilinxBoardStore/boards/Xilinx/vpk120/es/1.2/board.xml as part xcvp1202-vsva2785-2mp-e-s-es1 specified in board_part file is either invalid or not available
WARNING: [Board 49-26] cannot add Board Part xilinx.com:vpk120_es_revb:part0:1.0 available at /tools/Xilinx/Vivado/2022.1/data/xhub/boards/XilinxBoardStore/boards/Xilinx/vpk120_revb/es/1.0/board.xml as part xcvp1202-vsva2785-2mp-e-s-es1 specified in board_part file is either invalid or not available
WARNING: [Board 49-26] cannot add Board Part xilinx.com:zcu208ld:part0:2.0 available at /tools/Xilinx/Vivado/2022.1/data/xhub/boards/XilinxBoardStore/boards/Xilinx/zcu208ld/production/2.0/board.xml as part xczu58dr-fsvg1517-2-i specified in board_part file is either invalid or not available
WARNING: [Board 49-26] cannot add Board Part xilinx.com:zcu216ld:part0:2.0 available at /tools/Xilinx/Vivado/2022.1/data/xhub/boards/XilinxBoardStore/boards/Xilinx/zcu216ld/production/2.0/board.xml as part xczu59dr-ffvf1760-2-i specified in board_part file is either invalid or not available
WARNING: [Board 49-26] cannot add Board Part xilinx.com:zcu670:part0:2.0 available at /tools/Xilinx/Vivado/2022.1/data/xhub/boards/XilinxBoardStore/boards/Xilinx/zcu670/2.0/board.xml as part xczu67dr-fsve1156-2-i specified in board_part file is either invalid or not available
WARNING: [Board 49-26] cannot add Board Part xilinx.com:zcu670ld:part0:1.0 available at /tools/Xilinx/Vivado/2022.1/data/xhub/boards/XilinxBoardStore/boards/Xilinx/zcu670ld/1.0/board.xml as part xczu57dr-fsve1156-2-i specified in board_part file is either invalid or not available
create_project project_6 /home/ubuntu/SOC_Design/course-lab_6/project_6 -part xc7vx485tffg1157-1
INFO: [IP_Flow 19-234] Refreshing IP repositories
INFO: [IP_Flow 19-1704] No user IP repositories specified
INFO: [IP_Flow 19-2313] Loaded Vivado IP repository '/tools/Xilinx/Vivado/2022.1/data/ip'.
add_files {/home/ubuntu/SOC_Design/course-lab_6/rtl/user/bram.v /home/ubuntu/SOC_Design/course-lab_6/rtl/user/uart.v /home/ubuntu/SOC_Design/course-lab_6/rtl/user/user_proj_example.counter.v /home/ubuntu/SOC_Design/course-lab_6/rtl/user/user_project_wrapper.v /home/ubuntu/SOC_Design/course-lab_6/rtl/user/uart_tx.v /home/ubuntu/SOC_Design/course-lab_6/rtl/user/uart_rx.v /home/ubuntu/SOC_Design/course-lab_6/rtl/user/uart_ctrl.v /home/ubuntu/SOC_Design/course-lab_6/rtl/user/user_proj_wrapper_uart.v /home/ubuntu/SOC_Design/course-lab_6/rtl/user/user_proj_example.gcd.v}
update_compile_order -fileset sources_1
update_compile_order -fileset sources_1
add_files {/home/ubuntu/SOC_Design/course-lab_6/rtl/soc/mgmt_core.v /home/ubuntu/SOC_Design/course-lab_6/rtl/user/bram.v /home/ubuntu/SOC_Design/course-lab_6/rtl/soc/housekeeping_spi.v /home/ubuntu/SOC_Design/course-lab_6/rtl/user/user_proj_example.counter.v /home/ubuntu/SOC_Design/course-lab_6/rtl/user/user_project_wrapper.v /home/ubuntu/SOC_Design/course-lab_6/rtl/soc/chip_io.v /home/ubuntu/SOC_Design/course-lab_6/rtl/user/uart_tx.v /home/ubuntu/SOC_Design/course-lab_6/rtl/soc/gpio_defaults_block.v /home/ubuntu/SOC_Design/course-lab_6/rtl/user/uart_rx.v /home/ubuntu/SOC_Design/course-lab_6/rtl/soc/mprj_io.v /home/ubuntu/SOC_Design/course-lab_6/rtl/soc/gpio_control_block.v /home/ubuntu/SOC_Design/course-lab_6/rtl/soc/housekeeping.v /home/ubuntu/SOC_Design/course-lab_6/rtl/soc/pads.v /home/ubuntu/SOC_Design/course-lab_6/rtl/user/user_proj_wrapper_uart.v /home/ubuntu/SOC_Design/course-lab_6/rtl/user/user_proj_example.gcd.v /home/ubuntu/SOC_Design/course-lab_6/rtl/soc/VexRiscv_MinDebugCache.v /home/ubuntu/SOC_Design/course-lab_6/rtl/user/uart.v /home/ubuntu/SOC_Design/course-lab_6/rtl/soc/VexRiscv_MinDebug.v /home/ubuntu/SOC_Design/course-lab_6/rtl/soc/mgmt_core_wrapper.v /home/ubuntu/SOC_Design/course-lab_6/rtl/soc/caravel.v /home/ubuntu/SOC_Design/course-lab_6/rtl/header/user_defines.v /home/ubuntu/SOC_Design/course-lab_6/rtl/user/uart_ctrl.v /home/ubuntu/SOC_Design/course-lab_6/rtl/soc/debug_regs.v /home/ubuntu/SOC_Design/course-lab_6/rtl/header/defines.v}
WARNING: [filemgmt 56-12] File '/home/ubuntu/SOC_Design/course-lab_6/rtl/user/bram.v' cannot be added to the project because it already exists in the project, skipping this file
WARNING: [filemgmt 56-12] File '/home/ubuntu/SOC_Design/course-lab_6/rtl/user/user_proj_example.counter.v' cannot be added to the project because it already exists in the project, skipping this file
WARNING: [filemgmt 56-12] File '/home/ubuntu/SOC_Design/course-lab_6/rtl/user/user_project_wrapper.v' cannot be added to the project because it already exists in the project, skipping this file
WARNING: [filemgmt 56-12] File '/home/ubuntu/SOC_Design/course-lab_6/rtl/user/uart_tx.v' cannot be added to the project because it already exists in the project, skipping this file
WARNING: [filemgmt 56-12] File '/home/ubuntu/SOC_Design/course-lab_6/rtl/user/uart_rx.v' cannot be added to the project because it already exists in the project, skipping this file
WARNING: [filemgmt 56-12] File '/home/ubuntu/SOC_Design/course-lab_6/rtl/user/user_proj_wrapper_uart.v' cannot be added to the project because it already exists in the project, skipping this file
WARNING: [filemgmt 56-12] File '/home/ubuntu/SOC_Design/course-lab_6/rtl/user/user_proj_example.gcd.v' cannot be added to the project because it already exists in the project, skipping this file
WARNING: [filemgmt 56-12] File '/home/ubuntu/SOC_Design/course-lab_6/rtl/user/uart.v' cannot be added to the project because it already exists in the project, skipping this file
WARNING: [filemgmt 56-12] File '/home/ubuntu/SOC_Design/course-lab_6/rtl/user/uart_ctrl.v' cannot be added to the project because it already exists in the project, skipping this file
update_compile_order -fileset sources_1
update_compile_order -fileset sources_1
export_ip_user_files -of_objects  [get_files /home/ubuntu/SOC_Design/course-lab_6/rtl/soc/caravel.v] -no_script -reset -force -quiet
remove_files  /home/ubuntu/SOC_Design/course-lab_6/rtl/soc/caravel.v
delete_fileset [ get_filesets sim_1 ]
ERROR: [Common 17-53] User Exception: Sorry, cannot delete an active fileset
update_compile_order -fileset sources_1
delete_fileset [ get_filesets sim_1 ]
ERROR: [Common 17-53] User Exception: Sorry, cannot delete an active fileset
update_compile_order -fileset sources_1
exit
INFO: [Common 17-206] Exiting Vivado at Wed Dec 13 05:19:49 2023...
