Tue Oct 10 21:32:55 2023: Running xcd server. This server was built by gradle.
Tue Oct 10 21:32:55 2023: Server was asked to start on port: '46649'
Tue Oct 10 21:32:55 2023: Server is using token UUID: 'a81caa3e-c130-4bc5-a2bd-8419e810a85b'
Tue Oct 10 21:32:55 2023: SESSION_MGR: creating session with session uuid: '6d04a3e9-ade5-4ab9-8d63-1f78fcd2ec76' and name 'default'
Tue Oct 10 21:32:55 2023: Attempting to start server on port '46649'
Tue Oct 10 21:32:55 2023: XCD main fifo: created main fifo '/tmp/xcdmaina81caa3e-c130-4bc5-a2bd-8419e810a85b', fd read = 14
Tue Oct 10 21:32:55 2023: Running Dispatch Server
Tue Oct 10 21:32:55 2023: Version 2.2.0
Tue Oct 10 21:33:04 2023: Dispatch Server: Accepted socket connection from client
Tue Oct 10 21:33:04 2023: Starting Socket connection
Tue Oct 10 21:33:04 2023: EXCHANGE_TOKEN received, server token: a81caa3e-c130-4bc5-a2bd-8419e810a85b, passed token: a81caa3e-c130-4bc5-a2bd-8419e810a85b
Tue Oct 10 21:33:05 2023: DISPATCH_HANDLER: Adding handler from function makeHandler in library libxv_system_diagram
Tue Oct 10 21:33:05 2023: SESSION_MGR: creating session with session uuid: '1da531e4-a815-4c7e-bb7b-f86d81d37f3e' and name 'link'
Tue Oct 10 21:33:05 2023: KERNEL_SVC: creating session with uuid: '1da531e4-a815-4c7e-bb7b-f86d81d37f3e' and name 'link'
Tue Oct 10 21:33:05 2023: GUIDANCE_SMGR: creating guidance session with uuid: '1da531e4-a815-4c7e-bb7b-f86d81d37f3e' and name 'link'
Tue Oct 10 21:33:05 2023: SYSTEM_DIAGRAM: creating session with uuid: '1da531e4-a815-4c7e-bb7b-f86d81d37f3e' and name 'link'
Tue Oct 10 21:33:11 2023: SESSION_MGR: closing session for UUID '1da531e4-a815-4c7e-bb7b-f86d81d37f3e' with name 'link'
Tue Oct 10 21:33:11 2023: KERNEL_SVC: closing session for UUID '1da531e4-a815-4c7e-bb7b-f86d81d37f3e' with name 'link'
Tue Oct 10 21:33:11 2023: GUIDANCE_SMGR: closing session for UUID '1da531e4-a815-4c7e-bb7b-f86d81d37f3e' with name 'link'
Tue Oct 10 21:33:11 2023: SYSTEM_DIAGRAM: closing session for UUID '1da531e4-a815-4c7e-bb7b-f86d81d37f3e' with name 'link'
Tue Oct 10 21:33:11 2023: STOP_SERVER received, server token: a81caa3e-c130-4bc5-a2bd-8419e810a85b, passed token: a81caa3e-c130-4bc5-a2bd-8419e810a85b
Tue Oct 10 21:33:11 2023: Socket received request to stop server.
Tue Oct 10 21:33:11 2023: Dispatch Server: do_await_stop
Tue Oct 10 21:33:11 2023: Dispatch Server: stopping mainFifo_
Tue Oct 10 21:33:11 2023: XCD main fifo: Stopping
Tue Oct 10 21:33:11 2023: XCD main fifo: do_read error code: Operation canceled
Tue Oct 10 21:33:11 2023: XCD main fifo: bytes_transferred: 0
Tue Oct 10 21:33:11 2023: SERVER: destructor for server bound to port 46649
Tue Oct 10 21:33:11 2023: XCD main fifo: Good unlink of /tmp/xcdmaina81caa3e-c130-4bc5-a2bd-8419e810a85b
Tue Oct 10 21:33:11 2023: Server exiting with status 0.
Tue Oct 10 21:33:11 2023: Closing log file.
