INFO: [v++ 60-1306] Additional information associated with this v++ link can be found at:
	Reports: /home/ubuntu/SOC_Design/course-lab_3/vts_Opt1Baseline_system_hw_link/Emulation-SW/binary_container_1.build/reports/link
	Log files: /home/ubuntu/SOC_Design/course-lab_3/vts_Opt1Baseline_system_hw_link/Emulation-SW/binary_container_1.build/logs/link
INFO: [v++ 60-1548] Creating build summary session with primary output /home/ubuntu/SOC_Design/course-lab_3/vts_Opt1Baseline_system_hw_link/Emulation-SW/binary_container_1.xclbin.link_summary, at Tue Oct 10 21:33:05 2023
INFO: [v++ 60-1316] Initiating connection to rulecheck server, at Tue Oct 10 21:33:05 2023
INFO: [v++ 60-895]   Target platform: /home/ubuntu/Downloads/data/opt/xilinx/platforms/xilinx_u50_gen3x16_xdma_5_202210_1/xilinx_u50_gen3x16_xdma_5_202210_1.xpfm
INFO: [v++ 60-1578]   This platform contains Xilinx Shell Archive '/home/ubuntu/Downloads/data/opt/xilinx/platforms/xilinx_u50_gen3x16_xdma_5_202210_1/hw/hw.xsa'
INFO: [v++ 74-78] Compiler Version string: 2022.1
INFO: [v++ 60-629] Linking for software emulation target
INFO: [v++ 60-423]   Target device: xilinx_u50_gen3x16_xdma_5_202210_1
INFO: [v++ 60-645] kernel flags are '-g -I /home/ubuntu/SOC_Design/course-lab_3/vts_Opt1Baseline_kernels/src/vts_Opt1Baseline -g'
INFO: [v++ 60-645] kernel flags are '-g -I /home/ubuntu/SOC_Design/course-lab_3/vts_Opt1Baseline_kernels/src/vts_Opt1Baseline -g'
INFO: [v++ 60-645] kernel flags are '-g -I /home/ubuntu/SOC_Design/course-lab_3/vts_Opt1Baseline_kernels/src/vts_Opt1Baseline -g'
INFO: [v++ 60-645] kernel flags are '-g -I /home/ubuntu/SOC_Design/course-lab_3/vts_Opt1Baseline_kernels/src/vts_Opt1Baseline -g'
INFO: [v++ 60-645] kernel flags are '-g -I /home/ubuntu/SOC_Design/course-lab_3/vts_Opt1Baseline_kernels/src/vts_Opt1Baseline -g'
INFO: [v++ 60-586] Created binary_container_1.xclbin
INFO: [v++ 60-1307] Run completed. Additional information can be found in:
	Steps Log File: /home/ubuntu/SOC_Design/course-lab_3/vts_Opt1Baseline_system_hw_link/Emulation-SW/binary_container_1.build/logs/link/link.steps.log

INFO: [v++ 60-2343] Use the vitis_analyzer tool to visualize and navigate the relevant reports. Run the following command. 
    vitis_analyzer /home/ubuntu/SOC_Design/course-lab_3/vts_Opt1Baseline_system_hw_link/Emulation-SW/binary_container_1.xclbin.link_summary 
INFO: [v++ 60-791] Total elapsed time: 0h 0m 16s
