Copyright 1986-2022 Xilinx, Inc. All Rights Reserved.
------------------------------------------------------------------------------------
| Tool Version : Vivado v.2022.1 (lin64) Build 3526262 Mon Apr 18 15:47:01 MDT 2022
| Date         : Wed Oct  4 03:04:30 2023
| Host         : ubuntu2004 running 64-bit Ubuntu 20.04.6 LTS
| Command      : upgrade_ip
| Device       : xck26-sfvc784-2LV-c
------------------------------------------------------------------------------------

Upgrade Log for IP 'design_1_fir_n11_maxi_0_1'

1. Summary
----------

CAUTION (success, with warnings) in the upgrade of design_1_fir_n11_maxi_0_1 (xilinx.com:hls:fir_n11_maxi:1.0) from (Rev. 2113235486) to (Rev. 2113235522)

After upgrade, an IP may have parameter and port differences compared to the original customization. Please review the parameters within the IP customization GUI to ensure proper functionality. Also, please review the updated IP instantiation template to ensure proper connectivity, and update your design if required.

2. Interface Information
------------------------

Detected external interface differences while upgrading 'design_1_fir_n11_maxi_0_1'.


-Upgrade has removed interface 'ap_ctrl'

-Upgrade has added interface 'interrupt' (xilinx.com:signal:interrupt:1.0)


3. Connection Warnings
----------------------

Detected external port differences while upgrading 'design_1_fir_n11_maxi_0_1'. These changes may impact your design.


-Upgrade has removed port 'ap_done'

-Upgrade has removed port 'ap_idle'

-Upgrade has removed port 'ap_ready'

-Upgrade has removed port 'ap_start'

-Upgrade has added port 'interrupt'


