
****** Vitis HLS - High-Level Synthesis from C, C++ and OpenCL v2022.1 (64-bit)
  **** SW Build 3526262 on Mon Apr 18 15:47:01 MDT 2022
  **** IP Build 3524634 on Mon Apr 18 20:55:01 MDT 2022
    ** Copyright 1986-2022 Xilinx, Inc. All Rights Reserved.

source /tools/Xilinx/Vitis_HLS/2022.1/scripts/vitis_hls/hls.tcl -notrace
INFO: [HLS 200-10] Running '/tools/Xilinx/Vitis_HLS/2022.1/bin/unwrapped/lnx64.o/vitis_hls'
INFO: [HLS 200-10] For user 'ubuntu' on host 'ubuntu2004.linuxvmimages.local' (Linux_x86_64 version 5.15.0-86-generic) on Tue Oct 10 21:31:23 EDT 2023
INFO: [HLS 200-10] On os Ubuntu 20.04.6 LTS
INFO: [HLS 200-10] In directory '/home/ubuntu/SOC_Design/course-lab_3/vts_Opt1Baseline_kernels/Emulation-SW/build/KVConstAdd/KVConstAdd'
Sourcing Tcl script 'KVConstAdd.tcl'
INFO: [HLS 200-1510] Running: open_project KVConstAdd 
INFO: [HLS 200-10] Creating and opening project '/home/ubuntu/SOC_Design/course-lab_3/vts_Opt1Baseline_kernels/Emulation-SW/build/KVConstAdd/KVConstAdd/KVConstAdd'.
INFO: [HLS 200-1510] Running: set_top KVConstAdd 
INFO: [HLS 200-1510] Running: add_files /home/ubuntu/SOC_Design/course-lab_3/vts_Opt1Baseline_kernels/src/vts_Opt1Baseline/K_KVConstAdd.cpp -cflags  -g -I /home/ubuntu/SOC_Design/course-lab_3/vts_Opt1Baseline_kernels/src/vts_Opt1Baseline 
INFO: [HLS 200-10] Adding design file '/home/ubuntu/SOC_Design/course-lab_3/vts_Opt1Baseline_kernels/src/vts_Opt1Baseline/K_KVConstAdd.cpp' to the project
INFO: [HLS 200-1510] Running: open_solution -flow_target vitis solution 
INFO: [HLS 200-10] Creating and opening solution '/home/ubuntu/SOC_Design/course-lab_3/vts_Opt1Baseline_kernels/Emulation-SW/build/KVConstAdd/KVConstAdd/KVConstAdd/solution'.
INFO: [HLS 200-1505] Using flow_target 'vitis'
Resolution: For help on HLS 200-1505 see www.xilinx.com/cgi-bin/docs/rdoc?v=2022.1;t=hls+guidance;d=200-1505.html
INFO: [HLS 200-435] Setting 'open_solution -flow_target vitis' configuration: config_interface -m_axi_latency=64
INFO: [HLS 200-435] Setting 'open_solution -flow_target vitis' configuration: config_interface -m_axi_alignment_byte_size=64
INFO: [HLS 200-435] Setting 'open_solution -flow_target vitis' configuration: config_interface -m_axi_max_widen_bitwidth=512
INFO: [HLS 200-435] Setting 'open_solution -flow_target vitis' configuration: config_rtl -register_reset_num=3
INFO: [HLS 200-1510] Running: set_part xcu50-fsvh2104-2-e 
INFO: [HLS 200-1611] Setting target device to 'xcu50-fsvh2104-2-e'
INFO: [HLS 200-1510] Running: create_clock -period 300.000000MHz -name default 
INFO: [SYN 201-201] Setting up clock 'default' with a period of 3.333ns.
INFO: [HLS 200-1510] Running: config_rtl -kernel_profile 
INFO: [HLS 200-1510] Running: config_dataflow -strict_mode warning 
INFO: [HLS 200-1510] Running: config_debug -enable 
INFO: [HLS 200-1510] Running: config_export -deadlock_detection none 
WARNING: [HLS 200-483] The 'config_export -deadlock_detection' command is deprecated and will be removed in a future release. Use 'config_rtl -deadlock_detection' as its replacement.
INFO: [HLS 200-1907] Replacing 'config_export -deadlock_detection=none' with 'config_rtl -deadlock_detection=none' in current solution file
INFO: [HLS 200-1510] Running: config_interface -m_axi_conservative_mode=1 
INFO: [HLS 200-1510] Running: config_interface -m_axi_addr64 
INFO: [HLS 200-1510] Running: config_interface -m_axi_auto_max_ports=0 
INFO: [HLS 200-1510] Running: config_export -format xo -ipname KVConstAdd 
INFO: [HLS 200-1907] Replacing 'config_export -deadlock_detection=none' with 'config_rtl -deadlock_detection=none' in current solution file
INFO: [HLS 200-1510] Running: csynth_design -synthesis_check 
INFO: [HLS 200-111] Finished File checks and directory preparation: CPU user time: 0 seconds. CPU system time: 0 seconds. Elapsed time: 0 seconds; current allocated memory: 1.458 GB.
INFO: [HLS 200-10] Analyzing design file '/home/ubuntu/SOC_Design/course-lab_3/vts_Opt1Baseline_kernels/src/vts_Opt1Baseline/K_KVConstAdd.cpp' ... 
INFO: [HLS 200-111] Finished Source Code Analysis and Preprocessing: CPU user time: 0.8 seconds. CPU system time: 0.26 seconds. Elapsed time: 0.83 seconds; current allocated memory: 460.387 MB.
INFO: [HLS 200-777] Using interface defaults for 'Vitis' flow target.
INFO: [HLS 200-111] Finished Compiling Optimization and Transform: CPU user time: 1.98 seconds. CPU system time: 0.82 seconds. Elapsed time: 3.35 seconds; current allocated memory: 460.664 MB.
INFO: [HLS 200-111] Finished Checking Pragmas: CPU user time: 0 seconds. CPU system time: 0 seconds. Elapsed time: 0 seconds; current allocated memory: 460.664 MB.
INFO: [HLS 200-1493] Running only source code synthesis checks, skipping scheduling and RTL generation.
INFO: [HLS 200-111] Finished Command csynth_design CPU user time: 2.79 seconds. CPU system time: 1.09 seconds. Elapsed time: 4.21 seconds; current allocated memory: -1031.867 MB.
INFO: [HLS 200-1510] Running: close_project 
HLS completed successfully
INFO: [HLS 200-112] Total CPU user time: 4.92 seconds. Total CPU system time: 3.95 seconds. Total elapsed time: 10.18 seconds; peak allocated memory: 1.458 GB.
INFO: [Common 17-206] Exiting vitis_hls at Tue Oct 10 21:31:33 2023...
